1510540344905	geckodriver	INFO	geckodriver 0.19.1
1510540344907	geckodriver	INFO	Listening on 127.0.0.1:46927
1510540345002	mozrunner::runner	INFO	Running command: "/usr/bin/firefox" "-marionette" "-profile" "/tmp/rust_mozprofile.XaNtLlrcKC3t"
1510540345222	addons.xpi	WARN	Error parsing extensions state: [Exception... "Component returned failure code: 0x80520012 (NS_ERROR_FILE_NOT_FOUND) [amIAddonManagerStartup.readStartupData]"  nsresult: "0x80520012 (NS_ERROR_FILE_NOT_FOUND)"  location: "JS frame :: resource://gre/modules/addons/XPIProvider.jsm :: loadExtensionState :: line 1554"  data: no] Stack trace: loadExtensionState()@resource://gre/modules/addons/XPIProvider.jsm:1554 < getInstallState()@resource://gre/modules/addons/XPIProvider.jsm:1589 < checkForChanges()@resource://gre/modules/addons/XPIProvider.jsm:3109 < startup()@resource://gre/modules/addons/XPIProvider.jsm:2188 < callProvider()@resource://gre/modules/AddonManager.jsm:269 < _startProvider()@resource://gre/modules/AddonManager.jsm:739 < startup()@resource://gre/modules/AddonManager.jsm:906 < startup()@resource://gre/modules/AddonManager.jsm:3090 < observe()@jar:file:///usr/lib/firefox/omni.ja!/components/addonManager.js:65
1510540345684	Marionette	INFO	Enabled via --marionette
1510540347677	Marionette	INFO	Listening on port 38813
1510540347754	Marionette	WARN	TLS certificate errors will be ignored for this session
1510540347783	Marionette	DEBUG	Register listener.js for window 2147483649
1510540347800	Marionette	DEBUG	Received DOM event "beforeunload" for "about:blank"
1510540347814	Marionette	DEBUG	Received DOM event "pagehide" for "about:blank"
1510540347814	Marionette	DEBUG	Received DOM event "unload" for "about:blank"
1510540347818	Marionette	DEBUG	Received DOM event "DOMContentLoaded" for "http://localhost:8000/"
1510540347835	Marionette	DEBUG	Received DOM event "pageshow" for "http://localhost:8000/"
1510540477701	geckodriver	INFO	geckodriver 0.19.1
1510540477703	geckodriver	INFO	Listening on 127.0.0.1:56127
1510540477791	mozrunner::runner	INFO	Running command: "/usr/bin/firefox" "-marionette" "-profile" "/tmp/rust_mozprofile.4FI1mEmQgyXv"
1510540478005	addons.xpi	WARN	Error parsing extensions state: [Exception... "Component returned failure code: 0x80520012 (NS_ERROR_FILE_NOT_FOUND) [amIAddonManagerStartup.readStartupData]"  nsresult: "0x80520012 (NS_ERROR_FILE_NOT_FOUND)"  location: "JS frame :: resource://gre/modules/addons/XPIProvider.jsm :: loadExtensionState :: line 1554"  data: no] Stack trace: loadExtensionState()@resource://gre/modules/addons/XPIProvider.jsm:1554 < getInstallState()@resource://gre/modules/addons/XPIProvider.jsm:1589 < checkForChanges()@resource://gre/modules/addons/XPIProvider.jsm:3109 < startup()@resource://gre/modules/addons/XPIProvider.jsm:2188 < callProvider()@resource://gre/modules/AddonManager.jsm:269 < _startProvider()@resource://gre/modules/AddonManager.jsm:739 < startup()@resource://gre/modules/AddonManager.jsm:906 < startup()@resource://gre/modules/AddonManager.jsm:3090 < observe()@jar:file:///usr/lib/firefox/omni.ja!/components/addonManager.js:65
1510540478484	Marionette	INFO	Enabled via --marionette
1510540480604	Marionette	INFO	Listening on port 37167
1510540480628	Marionette	WARN	TLS certificate errors will be ignored for this session
1510540480657	Marionette	DEBUG	Register listener.js for window 2147483649
1510540480697	Marionette	DEBUG	Received DOM event "beforeunload" for "about:blank"
1510540480709	Marionette	DEBUG	Received DOM event "pagehide" for "about:blank"
1510540480710	Marionette	DEBUG	Received DOM event "unload" for "about:blank"
1510540480730	Marionette	DEBUG	Received DOM event "DOMContentLoaded" for "http://localhost:8000/"
1510540480732	Marionette	DEBUG	Received DOM event "pageshow" for "http://localhost:8000/"
*** UTM:SVC TimerManager:registerTimer called after profile-before-change notification. Ignoring timer registration for id: telemetry_modules_ping
1510541095446	geckodriver	INFO	geckodriver 0.19.1
1510541095448	geckodriver	INFO	Listening on 127.0.0.1:38175
1510541095536	mozrunner::runner	INFO	Running command: "/usr/bin/firefox" "-marionette" "-profile" "/tmp/rust_mozprofile.FMv9f9Wh5A01"
1510541095751	addons.xpi	WARN	Error parsing extensions state: [Exception... "Component returned failure code: 0x80520012 (NS_ERROR_FILE_NOT_FOUND) [amIAddonManagerStartup.readStartupData]"  nsresult: "0x80520012 (NS_ERROR_FILE_NOT_FOUND)"  location: "JS frame :: resource://gre/modules/addons/XPIProvider.jsm :: loadExtensionState :: line 1554"  data: no] Stack trace: loadExtensionState()@resource://gre/modules/addons/XPIProvider.jsm:1554 < getInstallState()@resource://gre/modules/addons/XPIProvider.jsm:1589 < checkForChanges()@resource://gre/modules/addons/XPIProvider.jsm:3109 < startup()@resource://gre/modules/addons/XPIProvider.jsm:2188 < callProvider()@resource://gre/modules/AddonManager.jsm:269 < _startProvider()@resource://gre/modules/AddonManager.jsm:739 < startup()@resource://gre/modules/AddonManager.jsm:906 < startup()@resource://gre/modules/AddonManager.jsm:3090 < observe()@jar:file:///usr/lib/firefox/omni.ja!/components/addonManager.js:65
1510541096233	Marionette	INFO	Enabled via --marionette
1510541098411	Marionette	INFO	Listening on port 38503
1510541098490	Marionette	WARN	TLS certificate errors will be ignored for this session
1510541098522	Marionette	DEBUG	Register listener.js for window 2147483649
1510541098538	Marionette	INFO	New connections will no longer be accepted
1510541222151	geckodriver	INFO	geckodriver 0.19.1
1510541222153	geckodriver	INFO	Listening on 127.0.0.1:51929
1510541222244	mozrunner::runner	INFO	Running command: "/usr/bin/firefox" "-marionette" "-profile" "/tmp/rust_mozprofile.2FvosTI9qoDW"
1510541222467	addons.xpi	WARN	Error parsing extensions state: [Exception... "Component returned failure code: 0x80520012 (NS_ERROR_FILE_NOT_FOUND) [amIAddonManagerStartup.readStartupData]"  nsresult: "0x80520012 (NS_ERROR_FILE_NOT_FOUND)"  location: "JS frame :: resource://gre/modules/addons/XPIProvider.jsm :: loadExtensionState :: line 1554"  data: no] Stack trace: loadExtensionState()@resource://gre/modules/addons/XPIProvider.jsm:1554 < getInstallState()@resource://gre/modules/addons/XPIProvider.jsm:1589 < checkForChanges()@resource://gre/modules/addons/XPIProvider.jsm:3109 < startup()@resource://gre/modules/addons/XPIProvider.jsm:2188 < callProvider()@resource://gre/modules/AddonManager.jsm:269 < _startProvider()@resource://gre/modules/AddonManager.jsm:739 < startup()@resource://gre/modules/AddonManager.jsm:906 < startup()@resource://gre/modules/AddonManager.jsm:3090 < observe()@jar:file:///usr/lib/firefox/omni.ja!/components/addonManager.js:65
1510541222958	Marionette	INFO	Enabled via --marionette
1510541224832	Marionette	INFO	Listening on port 35721
1510541224876	Marionette	WARN	TLS certificate errors will be ignored for this session
1510541224906	Marionette	DEBUG	Register listener.js for window 2147483649
1510541224932	Marionette	DEBUG	Received DOM event "beforeunload" for "about:blank"
1510541224944	Marionette	DEBUG	Received DOM event "pagehide" for "about:blank"
1510541224944	Marionette	DEBUG	Received DOM event "unload" for "about:blank"
1510541224948	Marionette	DEBUG	Received DOM event "DOMContentLoaded" for "http://localhost:8000/"
1510541224961	Marionette	DEBUG	Received DOM event "pageshow" for "http://localhost:8000/"
1510541225552	Marionette	INFO	New connections will no longer be accepted
[Child 5348] WARNING: pipe error (15): 连接被对方重设: file /build/firefox-vapeRh/firefox-56.0+build6/ipc/chromium/src/chrome/common/ipc_channel_posix.cc, line 353
[Child 5348] WARNING: pipe error (3): 连接被对方重设: file /build/firefox-vapeRh/firefox-56.0+build6/ipc/chromium/src/chrome/common/ipc_channel_posix.cc, line 353
1510541298279	geckodriver	INFO	geckodriver 0.19.1
1510541298281	geckodriver	INFO	Listening on 127.0.0.1:40035
1510541298371	mozrunner::runner	INFO	Running command: "/usr/bin/firefox" "-marionette" "-profile" "/tmp/rust_mozprofile.lHX7JUgFyDkh"
1510541298586	addons.xpi	WARN	Error parsing extensions state: [Exception... "Component returned failure code: 0x80520012 (NS_ERROR_FILE_NOT_FOUND) [amIAddonManagerStartup.readStartupData]"  nsresult: "0x80520012 (NS_ERROR_FILE_NOT_FOUND)"  location: "JS frame :: resource://gre/modules/addons/XPIProvider.jsm :: loadExtensionState :: line 1554"  data: no] Stack trace: loadExtensionState()@resource://gre/modules/addons/XPIProvider.jsm:1554 < getInstallState()@resource://gre/modules/addons/XPIProvider.jsm:1589 < checkForChanges()@resource://gre/modules/addons/XPIProvider.jsm:3109 < startup()@resource://gre/modules/addons/XPIProvider.jsm:2188 < callProvider()@resource://gre/modules/AddonManager.jsm:269 < _startProvider()@resource://gre/modules/AddonManager.jsm:739 < startup()@resource://gre/modules/AddonManager.jsm:906 < startup()@resource://gre/modules/AddonManager.jsm:3090 < observe()@jar:file:///usr/lib/firefox/omni.ja!/components/addonManager.js:65
1510541299039	Marionette	INFO	Enabled via --marionette
1510541301103	Marionette	INFO	Listening on port 33519
1510541301200	Marionette	WARN	TLS certificate errors will be ignored for this session
1510541301231	Marionette	DEBUG	Register listener.js for window 2147483649
1510541301247	Marionette	DEBUG	Received DOM event "beforeunload" for "about:blank"
1510541301259	Marionette	DEBUG	Received DOM event "pagehide" for "about:blank"
1510541301260	Marionette	DEBUG	Received DOM event "unload" for "about:blank"
1510541301263	Marionette	DEBUG	Received DOM event "DOMContentLoaded" for "http://localhost:8000/"
1510541301278	Marionette	DEBUG	Received DOM event "pageshow" for "http://localhost:8000/"
1510541301897	Marionette	INFO	New connections will no longer be accepted
[Child 5524] WARNING: pipe error (21): 连接被对方重设: file /build/firefox-vapeRh/firefox-56.0+build6/ipc/chromium/src/chrome/common/ipc_channel_posix.cc, line 353
1510541491086	geckodriver	INFO	geckodriver 0.19.1
1510541491089	geckodriver	INFO	Listening on 127.0.0.1:58519
1510541491180	mozrunner::runner	INFO	Running command: "/usr/bin/firefox" "-marionette" "-profile" "/tmp/rust_mozprofile.1VviemFokqKm"
1510541491401	addons.xpi	WARN	Error parsing extensions state: [Exception... "Component returned failure code: 0x80520012 (NS_ERROR_FILE_NOT_FOUND) [amIAddonManagerStartup.readStartupData]"  nsresult: "0x80520012 (NS_ERROR_FILE_NOT_FOUND)"  location: "JS frame :: resource://gre/modules/addons/XPIProvider.jsm :: loadExtensionState :: line 1554"  data: no] Stack trace: loadExtensionState()@resource://gre/modules/addons/XPIProvider.jsm:1554 < getInstallState()@resource://gre/modules/addons/XPIProvider.jsm:1589 < checkForChanges()@resource://gre/modules/addons/XPIProvider.jsm:3109 < startup()@resource://gre/modules/addons/XPIProvider.jsm:2188 < callProvider()@resource://gre/modules/AddonManager.jsm:269 < _startProvider()@resource://gre/modules/AddonManager.jsm:739 < startup()@resource://gre/modules/AddonManager.jsm:906 < startup()@resource://gre/modules/AddonManager.jsm:3090 < observe()@jar:file:///usr/lib/firefox/omni.ja!/components/addonManager.js:65
1510541491850	Marionette	INFO	Enabled via --marionette
1510541493965	Marionette	INFO	Listening on port 42249
1510541494037	Marionette	WARN	TLS certificate errors will be ignored for this session
1510541494067	Marionette	DEBUG	Register listener.js for window 2147483649
1510541494088	Marionette	DEBUG	Received DOM event "beforeunload" for "about:blank"
1510541494099	Marionette	DEBUG	Received DOM event "pagehide" for "about:blank"
1510541494099	Marionette	DEBUG	Received DOM event "unload" for "about:blank"
1510541494103	Marionette	DEBUG	Received DOM event "DOMContentLoaded" for "http://localhost:8000/"
1510541494116	Marionette	DEBUG	Received DOM event "pageshow" for "http://localhost:8000/"
1510541494674	Marionette	INFO	New connections will no longer be accepted
[Child 5707] WARNING: pipe error (19): 连接被对方重设: file /build/firefox-vapeRh/firefox-56.0+build6/ipc/chromium/src/chrome/common/ipc_channel_posix.cc, line 353
1510541540797	geckodriver	INFO	geckodriver 0.19.1
1510541540800	geckodriver	INFO	Listening on 127.0.0.1:57167
1510541540889	mozrunner::runner	INFO	Running command: "/usr/bin/firefox" "-marionette" "-profile" "/tmp/rust_mozprofile.yrvrFdvQmQff"
1510541541110	addons.xpi	WARN	Error parsing extensions state: [Exception... "Component returned failure code: 0x80520012 (NS_ERROR_FILE_NOT_FOUND) [amIAddonManagerStartup.readStartupData]"  nsresult: "0x80520012 (NS_ERROR_FILE_NOT_FOUND)"  location: "JS frame :: resource://gre/modules/addons/XPIProvider.jsm :: loadExtensionState :: line 1554"  data: no] Stack trace: loadExtensionState()@resource://gre/modules/addons/XPIProvider.jsm:1554 < getInstallState()@resource://gre/modules/addons/XPIProvider.jsm:1589 < checkForChanges()@resource://gre/modules/addons/XPIProvider.jsm:3109 < startup()@resource://gre/modules/addons/XPIProvider.jsm:2188 < callProvider()@resource://gre/modules/AddonManager.jsm:269 < _startProvider()@resource://gre/modules/AddonManager.jsm:739 < startup()@resource://gre/modules/AddonManager.jsm:906 < startup()@resource://gre/modules/AddonManager.jsm:3090 < observe()@jar:file:///usr/lib/firefox/omni.ja!/components/addonManager.js:65
1510541541575	Marionette	INFO	Enabled via --marionette
1510541543717	Marionette	INFO	Listening on port 44549
1510541543728	Marionette	WARN	TLS certificate errors will be ignored for this session
1510541543759	Marionette	DEBUG	Register listener.js for window 2147483649
1510541543783	Marionette	DEBUG	Received DOM event "beforeunload" for "about:blank"
1510541543808	Marionette	DEBUG	Received DOM event "pagehide" for "about:blank"
1510541543808	Marionette	DEBUG	Received DOM event "unload" for "about:blank"
1510541543812	Marionette	DEBUG	Received DOM event "DOMContentLoaded" for "http://localhost:8000/"
1510541543826	Marionette	DEBUG	Received DOM event "pageshow" for "http://localhost:8000/"
1510541544481	Marionette	INFO	New connections will no longer be accepted
[Child 5865] WARNING: pipe error (15): 连接被对方重设: file /build/firefox-vapeRh/firefox-56.0+build6/ipc/chromium/src/chrome/common/ipc_channel_posix.cc, line 353
1510541560754	geckodriver	INFO	geckodriver 0.19.1
1510541560757	geckodriver	INFO	Listening on 127.0.0.1:54501
1510541560849	mozrunner::runner	INFO	Running command: "/usr/bin/firefox" "-marionette" "-profile" "/tmp/rust_mozprofile.GvSYtwsKGtcE"
1510541561078	addons.xpi	WARN	Error parsing extensions state: [Exception... "Component returned failure code: 0x80520012 (NS_ERROR_FILE_NOT_FOUND) [amIAddonManagerStartup.readStartupData]"  nsresult: "0x80520012 (NS_ERROR_FILE_NOT_FOUND)"  location: "JS frame :: resource://gre/modules/addons/XPIProvider.jsm :: loadExtensionState :: line 1554"  data: no] Stack trace: loadExtensionState()@resource://gre/modules/addons/XPIProvider.jsm:1554 < getInstallState()@resource://gre/modules/addons/XPIProvider.jsm:1589 < checkForChanges()@resource://gre/modules/addons/XPIProvider.jsm:3109 < startup()@resource://gre/modules/addons/XPIProvider.jsm:2188 < callProvider()@resource://gre/modules/AddonManager.jsm:269 < _startProvider()@resource://gre/modules/AddonManager.jsm:739 < startup()@resource://gre/modules/AddonManager.jsm:906 < startup()@resource://gre/modules/AddonManager.jsm:3090 < observe()@jar:file:///usr/lib/firefox/omni.ja!/components/addonManager.js:65
1510541561577	Marionette	INFO	Enabled via --marionette
1510541563751	Marionette	INFO	Listening on port 33221
1510541563799	Marionette	WARN	TLS certificate errors will be ignored for this session
1510541563832	Marionette	DEBUG	Register listener.js for window 2147483649
1510541563864	Marionette	DEBUG	Received DOM event "beforeunload" for "about:blank"
1510541563880	Marionette	DEBUG	Received DOM event "pagehide" for "about:blank"
1510541563880	Marionette	DEBUG	Received DOM event "unload" for "about:blank"
1510541563884	Marionette	DEBUG	Received DOM event "DOMContentLoaded" for "http://localhost:8000/"
1510541563897	Marionette	DEBUG	Received DOM event "pageshow" for "http://localhost:8000/"
1510541564547	Marionette	INFO	New connections will no longer be accepted
[Child 6003] WARNING: pipe error (19): 连接被对方重设: file /build/firefox-vapeRh/firefox-56.0+build6/ipc/chromium/src/chrome/common/ipc_channel_posix.cc, line 353
1510550304980	geckodriver	INFO	geckodriver 0.19.1
1510550304982	geckodriver	INFO	Listening on 127.0.0.1:40757
1510550305074	mozrunner::runner	INFO	Running command: "/usr/bin/firefox" "-marionette" "-profile" "/tmp/rust_mozprofile.T204le6atMVF"
1510550305305	addons.xpi	WARN	Error parsing extensions state: [Exception... "Component returned failure code: 0x80520012 (NS_ERROR_FILE_NOT_FOUND) [amIAddonManagerStartup.readStartupData]"  nsresult: "0x80520012 (NS_ERROR_FILE_NOT_FOUND)"  location: "JS frame :: resource://gre/modules/addons/XPIProvider.jsm :: loadExtensionState :: line 1554"  data: no] Stack trace: loadExtensionState()@resource://gre/modules/addons/XPIProvider.jsm:1554 < getInstallState()@resource://gre/modules/addons/XPIProvider.jsm:1589 < checkForChanges()@resource://gre/modules/addons/XPIProvider.jsm:3109 < startup()@resource://gre/modules/addons/XPIProvider.jsm:2188 < callProvider()@resource://gre/modules/AddonManager.jsm:269 < _startProvider()@resource://gre/modules/AddonManager.jsm:739 < startup()@resource://gre/modules/AddonManager.jsm:906 < startup()@resource://gre/modules/AddonManager.jsm:3090 < observe()@jar:file:///usr/lib/firefox/omni.ja!/components/addonManager.js:65
1510550305795	Marionette	INFO	Enabled via --marionette
1510550308006	Marionette	INFO	Listening on port 35187
1510550308050	Marionette	WARN	TLS certificate errors will be ignored for this session
1510550308082	Marionette	DEBUG	Register listener.js for window 2147483649
1510550308101	Marionette	DEBUG	Received DOM event "beforeunload" for "about:blank"
1510550308121	Marionette	DEBUG	Received DOM event "pagehide" for "about:blank"
1510550308121	Marionette	DEBUG	Received DOM event "unload" for "about:blank"
1510550308124	Marionette	DEBUG	Received DOM event "DOMContentLoaded" for "http://localhost:8000/"
1510550308126	Marionette	DEBUG	Received DOM event "pageshow" for "http://localhost:8000/"
1510550308812	Marionette	INFO	New connections will no longer be accepted
[Child 9464] WARNING: pipe error (3): 连接被对方重设: file /build/firefox-vapeRh/firefox-56.0+build6/ipc/chromium/src/chrome/common/ipc_channel_posix.cc, line 353
1510550384759	geckodriver	INFO	geckodriver 0.19.1
1510550384761	geckodriver	INFO	Listening on 127.0.0.1:38557
1510550384854	mozrunner::runner	INFO	Running command: "/usr/bin/firefox" "-marionette" "-profile" "/tmp/rust_mozprofile.JHLVEMQZiAly"
1510550385086	addons.xpi	WARN	Error parsing extensions state: [Exception... "Component returned failure code: 0x80520012 (NS_ERROR_FILE_NOT_FOUND) [amIAddonManagerStartup.readStartupData]"  nsresult: "0x80520012 (NS_ERROR_FILE_NOT_FOUND)"  location: "JS frame :: resource://gre/modules/addons/XPIProvider.jsm :: loadExtensionState :: line 1554"  data: no] Stack trace: loadExtensionState()@resource://gre/modules/addons/XPIProvider.jsm:1554 < getInstallState()@resource://gre/modules/addons/XPIProvider.jsm:1589 < checkForChanges()@resource://gre/modules/addons/XPIProvider.jsm:3109 < startup()@resource://gre/modules/addons/XPIProvider.jsm:2188 < callProvider()@resource://gre/modules/AddonManager.jsm:269 < _startProvider()@resource://gre/modules/AddonManager.jsm:739 < startup()@resource://gre/modules/AddonManager.jsm:906 < startup()@resource://gre/modules/AddonManager.jsm:3090 < observe()@jar:file:///usr/lib/firefox/omni.ja!/components/addonManager.js:65
1510550385574	Marionette	INFO	Enabled via --marionette
1510550387564	Marionette	INFO	Listening on port 40405
1510550387585	Marionette	WARN	TLS certificate errors will be ignored for this session
1510550387619	Marionette	DEBUG	Register listener.js for window 2147483649
1510550387646	Marionette	DEBUG	Received DOM event "beforeunload" for "about:blank"
1510550387658	Marionette	DEBUG	Received DOM event "pagehide" for "about:blank"
1510550387658	Marionette	DEBUG	Received DOM event "unload" for "about:blank"
1510550387662	Marionette	DEBUG	Received DOM event "DOMContentLoaded" for "http://localhost:8000/"
1510550387664	Marionette	DEBUG	Received DOM event "pageshow" for "http://localhost:8000/"
1510550388254	Marionette	INFO	New connections will no longer be accepted
[Child 9631] WARNING: pipe error (20): 连接被对方重设: file /build/firefox-vapeRh/firefox-56.0+build6/ipc/chromium/src/chrome/common/ipc_channel_posix.cc, line 353
1510551978449	geckodriver	INFO	geckodriver 0.19.1
1510551978452	geckodriver	INFO	Listening on 127.0.0.1:50225
1510551978544	mozrunner::runner	INFO	Running command: "/usr/bin/firefox" "-marionette" "-profile" "/tmp/rust_mozprofile.GfNFj9BDR1CP"
1510551978768	addons.xpi	WARN	Error parsing extensions state: [Exception... "Component returned failure code: 0x80520012 (NS_ERROR_FILE_NOT_FOUND) [amIAddonManagerStartup.readStartupData]"  nsresult: "0x80520012 (NS_ERROR_FILE_NOT_FOUND)"  location: "JS frame :: resource://gre/modules/addons/XPIProvider.jsm :: loadExtensionState :: line 1554"  data: no] Stack trace: loadExtensionState()@resource://gre/modules/addons/XPIProvider.jsm:1554 < getInstallState()@resource://gre/modules/addons/XPIProvider.jsm:1589 < checkForChanges()@resource://gre/modules/addons/XPIProvider.jsm:3109 < startup()@resource://gre/modules/addons/XPIProvider.jsm:2188 < callProvider()@resource://gre/modules/AddonManager.jsm:269 < _startProvider()@resource://gre/modules/AddonManager.jsm:739 < startup()@resource://gre/modules/AddonManager.jsm:906 < startup()@resource://gre/modules/AddonManager.jsm:3090 < observe()@jar:file:///usr/lib/firefox/omni.ja!/components/addonManager.js:65
1510551979265	Marionette	INFO	Enabled via --marionette
1510551981429	Marionette	INFO	Listening on port 40683
1510551981511	Marionette	WARN	TLS certificate errors will be ignored for this session
1510551981546	Marionette	DEBUG	Register listener.js for window 2147483649
1510551981565	Marionette	DEBUG	Received DOM event "beforeunload" for "about:blank"
1510551981578	Marionette	DEBUG	Received DOM event "pagehide" for "about:blank"
1510551981578	Marionette	DEBUG	Received DOM event "unload" for "about:blank"
1510551981581	Marionette	DEBUG	Received DOM event "DOMContentLoaded" for "http://localhost:8000/"
1510551981583	Marionette	DEBUG	Received DOM event "pageshow" for "http://localhost:8000/"
1510551985056	Marionette	INFO	New connections will no longer be accepted
[Child 10154] WARNING: pipe error (19): 连接被对方重设: file /build/firefox-vapeRh/firefox-56.0+build6/ipc/chromium/src/chrome/common/ipc_channel_posix.cc, line 353
[Child 10154] WARNING: pipe error (3): 连接被对方重设: file /build/firefox-vapeRh/firefox-56.0+build6/ipc/chromium/src/chrome/common/ipc_channel_posix.cc, line 353
1510562519317	geckodriver	INFO	geckodriver 0.19.1
1510562519319	geckodriver	INFO	Listening on 127.0.0.1:43351
1510562519412	mozrunner::runner	INFO	Running command: "/usr/bin/firefox" "-marionette" "-profile" "/tmp/rust_mozprofile.Opx3zcmqvSEd"
1510562519640	addons.xpi	WARN	Error parsing extensions state: [Exception... "Component returned failure code: 0x80520012 (NS_ERROR_FILE_NOT_FOUND) [amIAddonManagerStartup.readStartupData]"  nsresult: "0x80520012 (NS_ERROR_FILE_NOT_FOUND)"  location: "JS frame :: resource://gre/modules/addons/XPIProvider.jsm :: loadExtensionState :: line 1554"  data: no] Stack trace: loadExtensionState()@resource://gre/modules/addons/XPIProvider.jsm:1554 < getInstallState()@resource://gre/modules/addons/XPIProvider.jsm:1589 < checkForChanges()@resource://gre/modules/addons/XPIProvider.jsm:3109 < startup()@resource://gre/modules/addons/XPIProvider.jsm:2188 < callProvider()@resource://gre/modules/AddonManager.jsm:269 < _startProvider()@resource://gre/modules/AddonManager.jsm:739 < startup()@resource://gre/modules/AddonManager.jsm:906 < startup()@resource://gre/modules/AddonManager.jsm:3090 < observe()@jar:file:///usr/lib/firefox/omni.ja!/components/addonManager.js:65
1510562520141	Marionette	INFO	Enabled via --marionette
1510562522298	Marionette	INFO	Listening on port 43113
1510562522380	Marionette	WARN	TLS certificate errors will be ignored for this session
1510562522410	Marionette	DEBUG	Register listener.js for window 2147483649
1510562522429	Marionette	DEBUG	Received DOM event "beforeunload" for "about:blank"
1510562522446	Marionette	DEBUG	Received DOM event "pagehide" for "about:blank"
1510562522446	Marionette	DEBUG	Received DOM event "unload" for "about:blank"
1510562522449	Marionette	DEBUG	Received DOM event "DOMContentLoaded" for "http://localhost:8000/"
1510562522458	Marionette	DEBUG	Received DOM event "pageshow" for "http://localhost:8000/"
1510562526304	Marionette	INFO	New connections will no longer be accepted
[Child 11862] WARNING: pipe error (19): 连接被对方重设: file /build/firefox-vapeRh/firefox-56.0+build6/ipc/chromium/src/chrome/common/ipc_channel_posix.cc, line 353
[Child 11862] WARNING: pipe error (3): 连接被对方重设: file /build/firefox-vapeRh/firefox-56.0+build6/ipc/chromium/src/chrome/common/ipc_channel_posix.cc, line 353
1510562589307	geckodriver	INFO	geckodriver 0.19.1
1510562589310	geckodriver	INFO	Listening on 127.0.0.1:36289
1510562589401	mozrunner::runner	INFO	Running command: "/usr/bin/firefox" "-marionette" "-profile" "/tmp/rust_mozprofile.ET1Atxt2itZz"
1510562589630	addons.xpi	WARN	Error parsing extensions state: [Exception... "Component returned failure code: 0x80520012 (NS_ERROR_FILE_NOT_FOUND) [amIAddonManagerStartup.readStartupData]"  nsresult: "0x80520012 (NS_ERROR_FILE_NOT_FOUND)"  location: "JS frame :: resource://gre/modules/addons/XPIProvider.jsm :: loadExtensionState :: line 1554"  data: no] Stack trace: loadExtensionState()@resource://gre/modules/addons/XPIProvider.jsm:1554 < getInstallState()@resource://gre/modules/addons/XPIProvider.jsm:1589 < checkForChanges()@resource://gre/modules/addons/XPIProvider.jsm:3109 < startup()@resource://gre/modules/addons/XPIProvider.jsm:2188 < callProvider()@resource://gre/modules/AddonManager.jsm:269 < _startProvider()@resource://gre/modules/AddonManager.jsm:739 < startup()@resource://gre/modules/AddonManager.jsm:906 < startup()@resource://gre/modules/AddonManager.jsm:3090 < observe()@jar:file:///usr/lib/firefox/omni.ja!/components/addonManager.js:65
1510562590115	Marionette	INFO	Enabled via --marionette
1510562592109	Marionette	INFO	Listening on port 39265
1510562592156	Marionette	WARN	TLS certificate errors will be ignored for this session
1510562592187	Marionette	DEBUG	Register listener.js for window 2147483649
1510562592207	Marionette	DEBUG	Received DOM event "beforeunload" for "about:blank"
1510562592220	Marionette	DEBUG	Received DOM event "pagehide" for "about:blank"
1510562592221	Marionette	DEBUG	Received DOM event "unload" for "about:blank"
1510562592224	Marionette	DEBUG	Received DOM event "DOMContentLoaded" for "http://localhost:8000/"
1510562592234	Marionette	DEBUG	Received DOM event "pageshow" for "http://localhost:8000/"
1510562593050	Marionette	INFO	New connections will no longer be accepted
[Child 12034] WARNING: pipe error (3): 连接被对方重设: file /build/firefox-vapeRh/firefox-56.0+build6/ipc/chromium/src/chrome/common/ipc_channel_posix.cc, line 353
1510562701260	geckodriver	INFO	geckodriver 0.19.1
1510562701263	geckodriver	INFO	Listening on 127.0.0.1:48139
1510562701353	mozrunner::runner	INFO	Running command: "/usr/bin/firefox" "-marionette" "-profile" "/tmp/rust_mozprofile.uuWrojCyT0CH"
1510562701579	addons.xpi	WARN	Error parsing extensions state: [Exception... "Component returned failure code: 0x80520012 (NS_ERROR_FILE_NOT_FOUND) [amIAddonManagerStartup.readStartupData]"  nsresult: "0x80520012 (NS_ERROR_FILE_NOT_FOUND)"  location: "JS frame :: resource://gre/modules/addons/XPIProvider.jsm :: loadExtensionState :: line 1554"  data: no] Stack trace: loadExtensionState()@resource://gre/modules/addons/XPIProvider.jsm:1554 < getInstallState()@resource://gre/modules/addons/XPIProvider.jsm:1589 < checkForChanges()@resource://gre/modules/addons/XPIProvider.jsm:3109 < startup()@resource://gre/modules/addons/XPIProvider.jsm:2188 < callProvider()@resource://gre/modules/AddonManager.jsm:269 < _startProvider()@resource://gre/modules/AddonManager.jsm:739 < startup()@resource://gre/modules/AddonManager.jsm:906 < startup()@resource://gre/modules/AddonManager.jsm:3090 < observe()@jar:file:///usr/lib/firefox/omni.ja!/components/addonManager.js:65
1510562702051	Marionette	INFO	Enabled via --marionette
1510562704506	Marionette	INFO	Listening on port 35113
1510562704530	Marionette	WARN	TLS certificate errors will be ignored for this session
1510562704573	Marionette	DEBUG	Register listener.js for window 2147483649
1510562704603	Marionette	DEBUG	Received DOM event "beforeunload" for "about:blank"
1510562704619	Marionette	DEBUG	Received DOM event "pagehide" for "about:blank"
1510562704619	Marionette	DEBUG	Received DOM event "unload" for "about:blank"
1510562704623	Marionette	DEBUG	Received DOM event "DOMContentLoaded" for "http://localhost:8000/"
1510562704634	Marionette	DEBUG	Received DOM event "pageshow" for "http://localhost:8000/"
1510562705542	Marionette	INFO	New connections will no longer be accepted
[Child 12227] WARNING: pipe error (34): 连接被对方重设: file /build/firefox-vapeRh/firefox-56.0+build6/ipc/chromium/src/chrome/common/ipc_channel_posix.cc, line 353
[Child 12227] WARNING: pipe error (15): 连接被对方重设: file /build/firefox-vapeRh/firefox-56.0+build6/ipc/chromium/src/chrome/common/ipc_channel_posix.cc, line 353
[Child 12227] WARNING: pipe error (3): 连接被对方重设: file /build/firefox-vapeRh/firefox-56.0+build6/ipc/chromium/src/chrome/common/ipc_channel_posix.cc, line 353
1510562801712	geckodriver	INFO	geckodriver 0.19.1
1510562801714	geckodriver	INFO	Listening on 127.0.0.1:51133
1510562801806	mozrunner::runner	INFO	Running command: "/usr/bin/firefox" "-marionette" "-profile" "/tmp/rust_mozprofile.nBKOMqHQEPwU"
1510562802031	addons.xpi	WARN	Error parsing extensions state: [Exception... "Component returned failure code: 0x80520012 (NS_ERROR_FILE_NOT_FOUND) [amIAddonManagerStartup.readStartupData]"  nsresult: "0x80520012 (NS_ERROR_FILE_NOT_FOUND)"  location: "JS frame :: resource://gre/modules/addons/XPIProvider.jsm :: loadExtensionState :: line 1554"  data: no] Stack trace: loadExtensionState()@resource://gre/modules/addons/XPIProvider.jsm:1554 < getInstallState()@resource://gre/modules/addons/XPIProvider.jsm:1589 < checkForChanges()@resource://gre/modules/addons/XPIProvider.jsm:3109 < startup()@resource://gre/modules/addons/XPIProvider.jsm:2188 < callProvider()@resource://gre/modules/AddonManager.jsm:269 < _startProvider()@resource://gre/modules/AddonManager.jsm:739 < startup()@resource://gre/modules/AddonManager.jsm:906 < startup()@resource://gre/modules/AddonManager.jsm:3090 < observe()@jar:file:///usr/lib/firefox/omni.ja!/components/addonManager.js:65
1510562802516	Marionette	INFO	Enabled via --marionette
1510562804514	Marionette	INFO	Listening on port 35373
1510562804566	Marionette	WARN	TLS certificate errors will be ignored for this session
1510562804600	Marionette	DEBUG	Register listener.js for window 2147483649
1510562804621	Marionette	DEBUG	Received DOM event "beforeunload" for "about:blank"
1510562804632	Marionette	DEBUG	Received DOM event "pagehide" for "about:blank"
1510562804633	Marionette	DEBUG	Received DOM event "unload" for "about:blank"
1510562804637	Marionette	DEBUG	Received DOM event "DOMContentLoaded" for "http://localhost:8000/"
1510562804649	Marionette	DEBUG	Received DOM event "pageshow" for "http://localhost:8000/"
1510562805519	Marionette	INFO	New connections will no longer be accepted
[Child 12403] WARNING: pipe error (15): 连接被对方重设: file /build/firefox-vapeRh/firefox-56.0+build6/ipc/chromium/src/chrome/common/ipc_channel_posix.cc, line 353
[Child 12403] WARNING: pipe error (3): 连接被对方重设: file /build/firefox-vapeRh/firefox-56.0+build6/ipc/chromium/src/chrome/common/ipc_channel_posix.cc, line 353
1510572004433	geckodriver	INFO	geckodriver 0.19.1
1510572004435	geckodriver	INFO	Listening on 127.0.0.1:49999
1510572004525	mozrunner::runner	INFO	Running command: "/usr/bin/firefox" "-marionette" "-profile" "/tmp/rust_mozprofile.6VwyvSTvA9v2"
1510572004747	addons.xpi	WARN	Error parsing extensions state: [Exception... "Component returned failure code: 0x80520012 (NS_ERROR_FILE_NOT_FOUND) [amIAddonManagerStartup.readStartupData]"  nsresult: "0x80520012 (NS_ERROR_FILE_NOT_FOUND)"  location: "JS frame :: resource://gre/modules/addons/XPIProvider.jsm :: loadExtensionState :: line 1554"  data: no] Stack trace: loadExtensionState()@resource://gre/modules/addons/XPIProvider.jsm:1554 < getInstallState()@resource://gre/modules/addons/XPIProvider.jsm:1589 < checkForChanges()@resource://gre/modules/addons/XPIProvider.jsm:3109 < startup()@resource://gre/modules/addons/XPIProvider.jsm:2188 < callProvider()@resource://gre/modules/AddonManager.jsm:269 < _startProvider()@resource://gre/modules/AddonManager.jsm:739 < startup()@resource://gre/modules/AddonManager.jsm:906 < startup()@resource://gre/modules/AddonManager.jsm:3090 < observe()@jar:file:///usr/lib/firefox/omni.ja!/components/addonManager.js:65
1510572005224	Marionette	INFO	Enabled via --marionette
1510572007112	Marionette	INFO	Listening on port 33879
1510572007170	Marionette	WARN	TLS certificate errors will be ignored for this session
1510572007200	Marionette	DEBUG	Register listener.js for window 2147483649
1510572007222	Marionette	DEBUG	Received DOM event "beforeunload" for "about:blank"
1510572007238	Marionette	DEBUG	Received DOM event "pagehide" for "about:blank"
1510572007238	Marionette	DEBUG	Received DOM event "unload" for "about:blank"
1510572007242	Marionette	DEBUG	Received DOM event "DOMContentLoaded" for "http://localhost:8000/"
1510572007254	Marionette	DEBUG	Received DOM event "pageshow" for "http://localhost:8000/"
1510572008158	Marionette	INFO	New connections will no longer be accepted
[Child 15137] WARNING: pipe error (15): 连接被对方重设: file /build/firefox-vapeRh/firefox-56.0+build6/ipc/chromium/src/chrome/common/ipc_channel_posix.cc, line 353
[Child 15137] WARNING: pipe error (34): 连接被对方重设: file /build/firefox-vapeRh/firefox-56.0+build6/ipc/chromium/src/chrome/common/ipc_channel_posix.cc, line 353
[Child 15137] WARNING: pipe error (3): 连接被对方重设: file /build/firefox-vapeRh/firefox-56.0+build6/ipc/chromium/src/chrome/common/ipc_channel_posix.cc, line 353
1510572068136	geckodriver	INFO	geckodriver 0.19.1
1510572068139	geckodriver	INFO	Listening on 127.0.0.1:34549
1510572068228	mozrunner::runner	INFO	Running command: "/usr/bin/firefox" "-marionette" "-profile" "/tmp/rust_mozprofile.VOHMAV0g7RmU"
1510572068451	addons.xpi	WARN	Error parsing extensions state: [Exception... "Component returned failure code: 0x80520012 (NS_ERROR_FILE_NOT_FOUND) [amIAddonManagerStartup.readStartupData]"  nsresult: "0x80520012 (NS_ERROR_FILE_NOT_FOUND)"  location: "JS frame :: resource://gre/modules/addons/XPIProvider.jsm :: loadExtensionState :: line 1554"  data: no] Stack trace: loadExtensionState()@resource://gre/modules/addons/XPIProvider.jsm:1554 < getInstallState()@resource://gre/modules/addons/XPIProvider.jsm:1589 < checkForChanges()@resource://gre/modules/addons/XPIProvider.jsm:3109 < startup()@resource://gre/modules/addons/XPIProvider.jsm:2188 < callProvider()@resource://gre/modules/AddonManager.jsm:269 < _startProvider()@resource://gre/modules/AddonManager.jsm:739 < startup()@resource://gre/modules/AddonManager.jsm:906 < startup()@resource://gre/modules/AddonManager.jsm:3090 < observe()@jar:file:///usr/lib/firefox/omni.ja!/components/addonManager.js:65
1510572068938	Marionette	INFO	Enabled via --marionette
1510572071070	Marionette	INFO	Listening on port 37661
1510572071092	Marionette	WARN	TLS certificate errors will be ignored for this session
1510572071131	Marionette	DEBUG	Register listener.js for window 2147483649
1510572071169	Marionette	DEBUG	Received DOM event "beforeunload" for "about:blank"
1510572071182	Marionette	DEBUG	Received DOM event "pagehide" for "about:blank"
1510572071182	Marionette	DEBUG	Received DOM event "unload" for "about:blank"
1510572071186	Marionette	DEBUG	Received DOM event "DOMContentLoaded" for "http://localhost:8000/"
1510572071201	Marionette	DEBUG	Received DOM event "pageshow" for "http://localhost:8000/"
1510572075096	Marionette	INFO	New connections will no longer be accepted
[Child 15304] WARNING: pipe error (15): 连接被对方重设: file /build/firefox-vapeRh/firefox-56.0+build6/ipc/chromium/src/chrome/common/ipc_channel_posix.cc, line 353
[Child 15304] WARNING: pipe error (3): 连接被对方重设: file /build/firefox-vapeRh/firefox-56.0+build6/ipc/chromium/src/chrome/common/ipc_channel_posix.cc, line 353
1510572211732	geckodriver	INFO	geckodriver 0.19.1
1510572211734	geckodriver	INFO	Listening on 127.0.0.1:39135
1510572211823	mozrunner::runner	INFO	Running command: "/usr/bin/firefox" "-marionette" "-profile" "/tmp/rust_mozprofile.Nz5Bwhp2mu2X"
1510572212041	addons.xpi	WARN	Error parsing extensions state: [Exception... "Component returned failure code: 0x80520012 (NS_ERROR_FILE_NOT_FOUND) [amIAddonManagerStartup.readStartupData]"  nsresult: "0x80520012 (NS_ERROR_FILE_NOT_FOUND)"  location: "JS frame :: resource://gre/modules/addons/XPIProvider.jsm :: loadExtensionState :: line 1554"  data: no] Stack trace: loadExtensionState()@resource://gre/modules/addons/XPIProvider.jsm:1554 < getInstallState()@resource://gre/modules/addons/XPIProvider.jsm:1589 < checkForChanges()@resource://gre/modules/addons/XPIProvider.jsm:3109 < startup()@resource://gre/modules/addons/XPIProvider.jsm:2188 < callProvider()@resource://gre/modules/AddonManager.jsm:269 < _startProvider()@resource://gre/modules/AddonManager.jsm:739 < startup()@resource://gre/modules/AddonManager.jsm:906 < startup()@resource://gre/modules/AddonManager.jsm:3090 < observe()@jar:file:///usr/lib/firefox/omni.ja!/components/addonManager.js:65
1510572212510	Marionette	INFO	Enabled via --marionette
1510572214439	Marionette	INFO	Listening on port 44681
1510572214451	Marionette	WARN	TLS certificate errors will be ignored for this session
1510572214482	Marionette	DEBUG	Register listener.js for window 2147483649
1510572214508	Marionette	DEBUG	Received DOM event "beforeunload" for "about:blank"
1510572214532	Marionette	DEBUG	Received DOM event "pagehide" for "about:blank"
1510572214532	Marionette	DEBUG	Received DOM event "unload" for "about:blank"
1510572214537	Marionette	DEBUG	Received DOM event "DOMContentLoaded" for "http://localhost:8000/"
1510572214549	Marionette	DEBUG	Received DOM event "pageshow" for "http://localhost:8000/"
1510572215471	Marionette	INFO	New connections will no longer be accepted
[Child 15507] WARNING: pipe error (20): 连接被对方重设: file /build/firefox-vapeRh/firefox-56.0+build6/ipc/chromium/src/chrome/common/ipc_channel_posix.cc, line 353
[Child 15507] WARNING: pipe error (3): 连接被对方重设: file /build/firefox-vapeRh/firefox-56.0+build6/ipc/chromium/src/chrome/common/ipc_channel_posix.cc, line 353
1510572241059	geckodriver	INFO	geckodriver 0.19.1
1510572241062	geckodriver	INFO	Listening on 127.0.0.1:50975
1510572241153	mozrunner::runner	INFO	Running command: "/usr/bin/firefox" "-marionette" "-profile" "/tmp/rust_mozprofile.Els7c1cKfZcO"
1510572241384	addons.xpi	WARN	Error parsing extensions state: [Exception... "Component returned failure code: 0x80520012 (NS_ERROR_FILE_NOT_FOUND) [amIAddonManagerStartup.readStartupData]"  nsresult: "0x80520012 (NS_ERROR_FILE_NOT_FOUND)"  location: "JS frame :: resource://gre/modules/addons/XPIProvider.jsm :: loadExtensionState :: line 1554"  data: no] Stack trace: loadExtensionState()@resource://gre/modules/addons/XPIProvider.jsm:1554 < getInstallState()@resource://gre/modules/addons/XPIProvider.jsm:1589 < checkForChanges()@resource://gre/modules/addons/XPIProvider.jsm:3109 < startup()@resource://gre/modules/addons/XPIProvider.jsm:2188 < callProvider()@resource://gre/modules/AddonManager.jsm:269 < _startProvider()@resource://gre/modules/AddonManager.jsm:739 < startup()@resource://gre/modules/AddonManager.jsm:906 < startup()@resource://gre/modules/AddonManager.jsm:3090 < observe()@jar:file:///usr/lib/firefox/omni.ja!/components/addonManager.js:65
1510572241868	Marionette	INFO	Enabled via --marionette
1510572243863	Marionette	INFO	Listening on port 40313
1510572243911	Marionette	WARN	TLS certificate errors will be ignored for this session
1510572243940	Marionette	DEBUG	Register listener.js for window 2147483649
1510572243959	Marionette	DEBUG	Received DOM event "beforeunload" for "about:blank"
1510572243972	Marionette	DEBUG	Received DOM event "pagehide" for "about:blank"
1510572243972	Marionette	DEBUG	Received DOM event "unload" for "about:blank"
1510572243976	Marionette	DEBUG	Received DOM event "DOMContentLoaded" for "http://localhost:8000/"
1510572243988	Marionette	DEBUG	Received DOM event "pageshow" for "http://localhost:8000/"
1510572244940	Marionette	INFO	New connections will no longer be accepted
[Child 15671] WARNING: pipe error (19): 连接被对方重设: file /build/firefox-vapeRh/firefox-56.0+build6/ipc/chromium/src/chrome/common/ipc_channel_posix.cc, line 353
[Child 15671] WARNING: pipe error (3): 连接被对方重设: file /build/firefox-vapeRh/firefox-56.0+build6/ipc/chromium/src/chrome/common/ipc_channel_posix.cc, line 353
1510572300363	geckodriver	INFO	geckodriver 0.19.1
1510572300365	geckodriver	INFO	Listening on 127.0.0.1:44639
1510572300458	mozrunner::runner	INFO	Running command: "/usr/bin/firefox" "-marionette" "-profile" "/tmp/rust_mozprofile.BG3EqAFMv7a4"
1510572300689	addons.xpi	WARN	Error parsing extensions state: [Exception... "Component returned failure code: 0x80520012 (NS_ERROR_FILE_NOT_FOUND) [amIAddonManagerStartup.readStartupData]"  nsresult: "0x80520012 (NS_ERROR_FILE_NOT_FOUND)"  location: "JS frame :: resource://gre/modules/addons/XPIProvider.jsm :: loadExtensionState :: line 1554"  data: no] Stack trace: loadExtensionState()@resource://gre/modules/addons/XPIProvider.jsm:1554 < getInstallState()@resource://gre/modules/addons/XPIProvider.jsm:1589 < checkForChanges()@resource://gre/modules/addons/XPIProvider.jsm:3109 < startup()@resource://gre/modules/addons/XPIProvider.jsm:2188 < callProvider()@resource://gre/modules/AddonManager.jsm:269 < _startProvider()@resource://gre/modules/AddonManager.jsm:739 < startup()@resource://gre/modules/AddonManager.jsm:906 < startup()@resource://gre/modules/AddonManager.jsm:3090 < observe()@jar:file:///usr/lib/firefox/omni.ja!/components/addonManager.js:65
1510572301175	Marionette	INFO	Enabled via --marionette
1510572303148	Marionette	INFO	Listening on port 40985
1510572303213	Marionette	WARN	TLS certificate errors will be ignored for this session
1510572303244	Marionette	DEBUG	Register listener.js for window 2147483649
1510572303264	Marionette	DEBUG	Received DOM event "beforeunload" for "about:blank"
1510572303278	Marionette	DEBUG	Received DOM event "pagehide" for "about:blank"
1510572303278	Marionette	DEBUG	Received DOM event "unload" for "about:blank"
1510572303283	Marionette	DEBUG	Received DOM event "DOMContentLoaded" for "http://localhost:8000/"
1510572303301	Marionette	DEBUG	Received DOM event "pageshow" for "http://localhost:8000/"
1510572307246	Marionette	INFO	New connections will no longer be accepted
[Child 15850] WARNING: pipe error (34): 连接被对方重设: file /build/firefox-vapeRh/firefox-56.0+build6/ipc/chromium/src/chrome/common/ipc_channel_posix.cc, line 353
[Child 15850] WARNING: pipe error (20): 连接被对方重设: file /build/firefox-vapeRh/firefox-56.0+build6/ipc/chromium/src/chrome/common/ipc_channel_posix.cc, line 353
[Child 15850] WARNING: pipe error (3): 连接被对方重设: file /build/firefox-vapeRh/firefox-56.0+build6/ipc/chromium/src/chrome/common/ipc_channel_posix.cc, line 353
1510572493147	geckodriver	INFO	geckodriver 0.19.1
1510572493149	geckodriver	INFO	Listening on 127.0.0.1:41083
1510572493237	mozrunner::runner	INFO	Running command: "/usr/bin/firefox" "-marionette" "-profile" "/tmp/rust_mozprofile.Na8BvoBX8rhx"
1510572493466	addons.xpi	WARN	Error parsing extensions state: [Exception... "Component returned failure code: 0x80520012 (NS_ERROR_FILE_NOT_FOUND) [amIAddonManagerStartup.readStartupData]"  nsresult: "0x80520012 (NS_ERROR_FILE_NOT_FOUND)"  location: "JS frame :: resource://gre/modules/addons/XPIProvider.jsm :: loadExtensionState :: line 1554"  data: no] Stack trace: loadExtensionState()@resource://gre/modules/addons/XPIProvider.jsm:1554 < getInstallState()@resource://gre/modules/addons/XPIProvider.jsm:1589 < checkForChanges()@resource://gre/modules/addons/XPIProvider.jsm:3109 < startup()@resource://gre/modules/addons/XPIProvider.jsm:2188 < callProvider()@resource://gre/modules/AddonManager.jsm:269 < _startProvider()@resource://gre/modules/AddonManager.jsm:739 < startup()@resource://gre/modules/AddonManager.jsm:906 < startup()@resource://gre/modules/AddonManager.jsm:3090 < observe()@jar:file:///usr/lib/firefox/omni.ja!/components/addonManager.js:65
1510572493942	Marionette	INFO	Enabled via --marionette
1510572496051	Marionette	INFO	Listening on port 35599
1510572496089	Marionette	WARN	TLS certificate errors will be ignored for this session
1510572496120	Marionette	DEBUG	Register listener.js for window 2147483649
1510572496149	Marionette	DEBUG	Received DOM event "beforeunload" for "about:blank"
1510572496162	Marionette	DEBUG	Received DOM event "pagehide" for "about:blank"
1510572496162	Marionette	DEBUG	Received DOM event "unload" for "about:blank"
1510572496166	Marionette	DEBUG	Received DOM event "DOMContentLoaded" for "http://localhost:8000/"
1510572496178	Marionette	DEBUG	Received DOM event "pageshow" for "http://localhost:8000/"
1510572500116	Marionette	INFO	New connections will no longer be accepted
[Child 16059] WARNING: pipe error (15): 连接被对方重设: file /build/firefox-vapeRh/firefox-56.0+build6/ipc/chromium/src/chrome/common/ipc_channel_posix.cc, line 353
[Child 16059] WARNING: pipe error (3): 连接被对方重设: file /build/firefox-vapeRh/firefox-56.0+build6/ipc/chromium/src/chrome/common/ipc_channel_posix.cc, line 353
